[11:50:53] DeepAR.Train: Loading the datasets...
[11:50:58] DeepAR.Data: train_len: 389101
[11:50:58] DeepAR.Data: building datasets from data/elect...
[11:50:59] DeepAR.Data: test_len: 2590
[11:50:59] DeepAR.Data: building datasets from data/elect...
[11:50:59] DeepAR.Data: weights: tensor([4.5579e-08, 4.7663e-08, 4.8446e-08,  ..., 8.4827e-05, 8.4776e-05,
        8.4272e-05], dtype=torch.float64)
[11:50:59] DeepAR.Data: num samples: 389101
[11:50:59] DeepAR.Train: Loading complete.
[11:50:59] DeepAR.Train: Model: 
Net(
  (embedding): Embedding(370, 20)
  (lstm): LSTM(25, 5, num_layers=3)
  (relu): ReLU()
  (distribution_mu): Linear(in_features=15, out_features=1, bias=True)
  (distribution_presigma): Linear(in_features=15, out_features=1, bias=True)
  (distribution_sigma): Softplus(beta=1, threshold=20)
)
[11:51:01] DeepAR.Train: Starting training for 20 epoch(s)
[11:51:01] DeepAR.Train: begin training and evaluation
[11:51:01] DeepAR.Train: Epoch 1/20
[11:51:08] DeepAR.Eval: - Full test metrics: ND: 0.680; RMSE: 5.069; test_loss: 7.602
[11:51:08] DeepAR.Train: train_loss: 1.1368486086527507
[11:51:08] DeepAR.Train: train_loss: 1.1368486086527507
